[00:000] FOnline server, version 476.
[01:106] ***   Starting initialization   ****
[01:144] Script system initialization...
[01:151] Reload scripts...
[01:669] Reload scripts complete.
[01:669] Bind reserved functions...
[01:682] Bind reserved functions complete.
[01:683] Script system initialization complete.
[01:683] Loading language packs...
[01:724] Loading language packs complete, loaded<2> packs.
[01:724] Reload client scripts...
[02:078] Reload client scripts complete.
[02:079] Indexing client data.
[02:080] Id<22> of user<сник> already used by another client. Skipped.
[02:080] Id<22> of user<сник> already used by another client. Skipped.
[02:080] Id<20> of user<Туманыч> already used by another client. Skipped.
[02:080] Id<22> of user<сник> already used by another client. Skipped.
[02:080] Indexing complete, clients found<19>.
[02:080] AI manager initialization...
[02:080] Find bags...
[02:100] Loaded<156> bags.
[02:100] AI manager initialization complete.
[02:100] Item manager initialization...
[02:107] Item manager initialization complete.
[02:107] Critter manager initialization...
[02:131] Critter manager initialization complete.
[02:131] Map manager initialization...
[02:135] Map manager initialization complete.
[02:135] Var manager initialization.
[02:135] Update template vars...
[02:152] Update template vars complete.
[02:152] Var manager initialization complete.
[02:152] Load Dialogs...[02:152] from list<dialogs.lst>.
[02:403] Loading dialogs finish, loaded<859/859>.
[02:449] FixBoy load crafts...
[02:456] FixBoy load crafts complete.
[02:463] Loaded<325> critter types.
[02:463] Loading items prototypes...
[02:906] ItemManager::LoadProtos - Proto items not found<legsarms.fopro>.
[02:909] Items prototypes successfully loaded, count<4616>.
[02:909] Loading critters prototypes...
[02:921] Loaded<529> critter protos, errors<0>.
[02:921] Load location and map prototypes...
[03:312] Load location and map prototypes complete, loaded<138> location protos.
[03:315] Generate update files...
[04:391] Generate update files complete.
[04:550] Begin load world from dump file<.\save\world0190.fo>.
[04:550] Load game info...[04:550] complete.
[04:550] Load locations...
[04:553] Load locations complete, count<30>.
[04:553] Load npc...
[04:595] Load npc complete, count<2786>.
[04:595] Load items...[04:796] complete, count<14449>.
[04:796] Load vars...[04:801] complete, count<578>.
[04:801] Load time events...[04:802] complete, count<18>.
[04:802] Transfer all npc to game...
[04:995] Transfer npc complete. Errors<0>.
[04:996] Transfer all items to npc, maps and containers...
[05:020] Transfer game items complete.
[05:230] Starting server on port<4000>.
[05:230] Bind error.
[05:230] Initialization fail!
